
=== 2026-07-18T02:05:07.461465 ===
+ 1000-premiers-jours.fr
+ 8x8.co.uk
+ 8x8.com
+ 8x8.id
+ 8x8.studio
+ 8x8.uk
+ 8x8.vc
+ 8x8cloud.net
+ 8x8e2e.com
+ 8x8pilot.com
+ 8x8staging.com
+ 8x8testa.com
+ 8x8testb.com
+ adaptive-shield.com
+ adminml.com
+ adsrvr.org
+ agoda.com
+ analvids.com
+ arc.net
+ arlo.com
+ arlocloud.com
+ arloxcld.com
+ atspotify.com
+ aufbaubank.de
+ auth0.com
+ auth0.net
+ auth0app.com
+ avecspotify.com
+ backstage.io
+ bcny.com
+ betfair.com
+ betfair.es
+ betfair.it
+ betfair.ro
+ betfair.se
+ betsharedservices.io
+ betviewapi.com
+ binance.com
+ binance.tr
+ binance.us
+ biolibre.ar
+ biolibre.cl
+ biolibre.co
+ biolibre.mx
+ biolivre.com.br
+ bionic.ai
+ bitmoji.com
+ bitstrips.com
+ bolsasymercados.es
+ bolt.eu
+ booking.com
+ bullish-test.com
+ bullish.com
+ bullsheet.me
+ bybit.com
+ bybit.eu
+ bybit.tr
+ byreal.io
+ byspotify.com
+ call-control.ie
+ callroute.com
+ callroute.io
+ citrixworkspacesapi.net
+ cloud.com
+ clovesoftware-dev.com
+ clovesoftware.com
+ coinmarketcap.com
+ compass.com
+ crosskey.io
+ crowdstrike.com
+ crowdstrike.org
+ ddfcontent.com
+ delta.app
+ deriv.cloud
+ deriv.com
+ deriv.partners
+ derivws.com
+ developersites.com.au
+ diabrowser.com
+ dibz.co.uk
+ dolap.com
+ doordash.com
+ emakina.at
+ emakina.ch
+ emakina.com
+ emakina.fr
+ emakina.group
+ emakina.nl
+ emakina.us
+ enjinusercontent.com
+ enspotify.com
+ epam.com
+ etoro.com
+ etoropartners.com
+ etorox.com
+ euid.eu
+ evoting.ch
+ falcon-sandbox.com
+ fareharbor.com
+ fareharbor.engineering
+ fareharborsites.com
+ fga.dev
+ flatmates.com.au
+ flipkart.com
+ flowsecurity.app
+ forspotify.com
+ fromspotify.com
+ fstr.rocks
+ furycloud.io
+ furydocs.io
+ fuze.com
+ fuze.me
+ fuze.site
+ fuzemeeting.com
+ galabingo.com
+ galacasino.com
+ getmoneytree.com
+ gocardless-cicd.io
+ gocardless-lab.io
+ gocardless-staging.io
+ gocardless.com
+ gocardless.dev
+ humio.com
+ hybrid-analysis.com
+ ifood.com.br
+ ifoodpago.com.br
+ in2tel.ie
+ indeed.com
+ iqoption.com
+ itv.com
+ ivo.ai
+ jit.si
+ jitsi.net
+ jointhemoment.net
+ jora.com
+ jora.xyz
+ jwt.io
+ klarna.com
+ klarna.net
+ klarnacdn.net
+ klaviyo-dev.com
+ klaviyo.com
+ klaviyomsv.com
+ korta.is
+ kortathjonustan.is
+ latchapp.com
+ line-apps.com
+ line.biz
+ line.me
+ linecorp.com
+ linepluscorp.com
+ m-pesa.africa
+ m-pesa.com
+ mangerbouger.fr
+ mclead.com.au
+ mediamarkt.at
+ mediamarkt.be
+ mediamarkt.ch
+ mediamarkt.com.tr
+ mediamarkt.de
+ mediamarkt.es
+ mediamarkt.hu
+ mediamarkt.nl
+ mediamarkt.pl
+ mediaworld.it
+ meliplay.com.ar
+ meliplay.com.pe
+ meliplay.com.uy
+ mercadobackoffice.com
+ mercadoenvios.com.ve
+ mercadolibre.cl
+ mercadolibre.co.cr
+ mercadolibre.com
+ mercadolibre.com.ar
+ mercadolibre.com.bo
+ mercadolibre.com.co
+ mercadolibre.com.do
+ mercadolibre.com.ec
+ mercadolibre.com.gt
+ mercadolibre.com.hn
+ mercadolibre.com.mx
+ mercadolibre.com.ni
+ mercadolibre.com.pa
+ mercadolibre.com.pe
+ mercadolibre.com.py
+ mercadolibre.com.sv
+ mercadolibre.com.uy
+ mercadolibreexperience.cl
+ mercadolivre.com
+ mercadolivre.com.br
+ mercadolivreexperience.com.br
+ mercadopago.cl
+ mercadopago.com
+ mercadopago.com.ar
+ mercadopago.com.br
+ mercadopago.com.co
+ mercadopago.com.ec
+ mercadopago.com.mx
+ mercadopago.com.pe
+ mercadopago.com.uy
+ mercadopago.com.ve
+ mercadoplay.co
+ mercadoplay.com.pe
+ mercadoplay.com.uy
+ mercadoplay.pe
+ mercadoplay.uy
+ mlstatic.com
+ moneytree.jp
+ mongodb.com
+ mortgagechoice.com.au
+ movilepay.com
+ movilepay.com.br
+ mpago.la
+ mpago.li
+ msgsvc.io
+ myfitnesspal.com
+ myklpages.com
+ myntra.com
+ myopenpass.com
+ myopenpassdemo.com
+ n0c.com
+ naver.jp
+ nft.io
+ notion.so
+ onsexprime.fr
+ onum-labs.com
+ onum.com
+ openidconnect.net
+ opensincera.com
+ operationstechnology.io
+ osl.com
+ p8t.us
+ packet8-pilot.net
+ packet8.net
+ paddypartners.com
+ paddypower.com
+ paddypower.it
+ partypoker.com
+ payzippy.com
+ pexels.com
+ planethoster.com
+ planethoster.net
+ platformservices.io
+ playcanv.as
+ playcanvas.com
+ pornbox.com
+ pornworld.com
+ portalinmobiliario.cl
+ portalinmobiliario.com
+ post.ch
+ ppb.com
+ ppbdev.com
+ preempt.com
+ preemptsecurity.com
+ pricerunner.com
+ property.com.au
+ proptrack.com
+ proptrack.com.au
+ rafflee.co.uk
+ rapyd.com
+ rapyd.net
+ rapyd.org
+ rea-group.com
+ realcommercial.com.au
+ realestate.com.au
+ reastatic.net
+ redelcom.cl
+ rentalcars.com
+ reposify.com
+ requirementyogi.cloud
+ requirementyogi.com
+ resume.com
+ s-cloud.fi
+ s-pankki.fi
+ samltool.io
+ saturn.de
+ sbgcdn.com
+ sbgcore.com
+ sbgorigin.com
+ sbgservices.com
+ sbgtest.net
+ sc-core.net
+ sdx.com
+ securecircle.com
+ securityservices.io
+ sgnl.ai
+ sgnl.cloud
+ sgnl.team
+ sgnlapis.cloud
+ sheer.com
+ sincera.io
+ sipsynergy.co.uk
+ six-exchange-regulation.com
+ six-group.com
+ six-swiss-exchange.com
+ skybet.co.uk
+ skybet.com
+ skybet.net
+ skybetservices.com
+ skybettest.net
+ skybettingandgaming.com
+ skybettingandgaming.design
+ skybettingandgaming.info
+ skybingo.com
+ skycasino.com
+ skygamingcontent.com
+ skypoker.com
+ skysports.com
+ skyvegas.com
+ smartline.com.au
+ snapchat.com
+ spectacles.com
+ sportinglife.com
+ spotify.com
+ spotify.net
+ sustentabilidadmercadolibre.com
+ tabac-info-service.fr
+ tagesanzeiger.ch
+ taxify.eu
+ test-socrata.com
+ tgoyemek.com
+ thebrowser.company
+ thecurrent.com
+ thetradedesk.com
+ thinkingphones.com
+ thinkingphones.net
+ thueringer-foerderportal.eu
+ tospotify.com
+ transparentadvertising.com
+ transparentadvertising.eu
+ trendyol-milla.com
+ trendyol.com
+ tucarro.com
+ tucarro.com.co
+ tumoto.com
+ ucverse.com
+ uidapi.com
+ unifiedid.com
+ unreal-agents.com
+ urbanclap.com
+ urbancompany.com
+ vaccination-info-service.fr
+ venturatvos.com
+ vivre-avec-la-chaleur.fr
+ wavecell.com
+ webauthn.me
+ whoop.com
+ whosampled.com
+ withspotify.com
+ wowjobs.ca
+ xnxx.com
+ xnxx.gold
+ xvideos.com
+ xvideos.net
+ xvideos.red
+ yelp.com
+ yelptop100.com
+ yelpwifi.com
+ zoop.com.br
+ zoop.ws
- 1debit.com
- 1password.com
- affirm.com
- bitmex.com
- blendlabs.com
- blinkit.com
- cbhq.net
- chime.com
- chimebank.com
- chimecard.com
- chimepayments.com
- chmfin.com
- cms.gov
- codacy.com
- codebig2.net
- coinbase-corp.com
- coinbase.com
- creditkarma.ca
- creditkarma.com
- crypto.com
- csscoperations.com
- cumulusfire.net
- databricks.com
- deribit.com
- dh-commerce.com
- district.in
- doctolib.de
- doctolib.fr
- doctolib.it
- edition.in
- eternal.com
- etsy.com
- etsypayments.com
- foodstorm.com
- github.net
- githubapp.com
- githubusercontent.com
- grofers.com
- houseofhr.com
- hyperpure.com
- insider.in
- instacart.com
- instacart.tools
- koho.ca
- kucoin.com
- mona.co
- nadex.com
- npmjs.org
- og.com
- orc-xfi.com
- pdq.com
- ripio.com
- ripiotrade.co
- runnr.in
- saltlabs.com
- siilo.com
- simplemdm.com
- swop.com
- thesecurityteam.rocks
- ticketnew.com
- tktnew.com
- toursgds.com
- transferwise.com
- viator.com
- viatorinc.com
- wise-sandbox.com
- wise.com
- xcal.tv
- xfinityhome.com
- xfiplatform.com
- zdev.net
- zomans.com
- zomato.com

=== 2026-07-20T15:26:17.326166 ===
+ 4njbets.com
+ bumba.global
+ cbhq.net
+ coinbase-corp.com
+ coinbase.com
+ databricks.com
+ fanduel.com
+ fndlsb.net
+ github.net
+ githubapp.com
+ githubusercontent.com
+ koho.ca
+ npmjs.org
+ syfe.com
+ tvg.com
- agoda.com
- applevacations.com
- beachbound.com
- blueskytours.com
- booktandl.com
- buschgardens.com
- cb.dev
- chaturbate.com
- cheapcaribbean.com
- discoverycove.com
- funjet.com
- globalbookingsolutions.com
- highwebmedia.com
- hilton.com
- hilton.io
- hiltonbusinessonline.com
- hiltonlocalbiz.com
- hyatt.com
- hyattconnect.com
- hyattdev.com
- hyattinclusivecollection.com
- lyst.co
- lyst.com
- lystit.com
- mmcdn.com
- mmwebc.dev
- seaworld.com
- secretsresorts.com
- securegatewayaccess.com
- sesameplace.com
- skyteam.com
- travelimpressions.com
- trisept.travel
- triseptapi.com
- triseptdemo.com
- triseptsolutions.com
- united.com
- universalorlandovacations.com
- universalstudioshollywood.com
- vaxvacationaccess.com
- wynnvacations.com

=== 2026-07-22T16:42:11.284615 ===
+ 1debit.com
+ abercrombie.com
+ anfcorp.com
+ api-exoscale.com
+ blendlabs.com
+ blinkforhome.com
+ chime.com
+ chimebank.com
+ chimecard.com
+ chimepayments.com
+ chmfin.com
+ cms.gov
+ csscoperations.com
+ etsy.com
+ etsypayments.com
+ exo.io
+ finicity.com
+ finicityreports.com
+ floqast.engineering
+ gocardless-banking.io
+ hollisterco.com
+ hubapi.com
+ hubspot.com
+ immedia-semi.com
+ khealth.com
+ mastercard.ch
+ mastercard.com
+ mastercard.com.au
+ mastercard.nl
+ mastercard.us
+ mytrainpal.com
+ priceless.com
+ saltlabs.com
+ saytechnologies.com
+ toursgds.com
+ transferwise.com
+ truata.com
+ viator.com
+ viatorinc.com
+ wise-sandbox.com
+ wise.com
+ www.amazon
- album.link
- artist.link
- jointhemoment.net
- korta.is
- kortathjonustan.is
- linktr.ee
- linktree-extensions.com
- linktree.com
- mylink.page
- nubank.com.br
- nubank.com.co
- nubank.com.mx
- nuinvest.com.br
- odesli.co
- odesli.com
- plannthat.com
- playlist.link
- pods.link
- rapyd.com
- rapyd.net
- rapyd.org
- saviyntcloud.com
- song.link
- songlink.io
- tr.ee

=== 2026-07-22T18:49:46.602614 ===
+ fishbowlapp.com
+ solarwinds.com
- audible.com

=== 2026-07-23T08:25:51.848630 ===
+ audible.com
