swiss-post-evoting	Source Code
swiss-post-evoting	System Specification
swiss-post-evoting	Scenarios with Special Bounties
swiss-post-evoting	Protocol of the Swiss Post Voting System
ant-group-security-response-center-bug-bounty-program	Any Other Applications found here: https://security-en.alipay.com/home
swiss-post	(*.post.ch:80|*.post.ch:443) AND 194.41.128.0/17
bug-bounty-program-blablacar	https://edge.blablacar.(fr|de|co.uk|in|es|mx|be|hr|hu|it|nl|pl|com.br|pt|ro|ru|com|tr|com.ua))
outscale	Any resource created or accessed with the Outscale Cloud on eu-west-2 region -  created by the Hunter
withings-public-program	Body Scan scale
withings-public-program	Body Comp scale
withings-public-program	Scanwatch Light
withings-public-program	Scanwatch 2
withings-public-program	Scanwatch Nova
withings-public-program	Scanwatch
tencent-bug-bounty-program	In-Scope Products (for the full list please visit https://en.security.tencent.com/index.php/policy)
swiss-post-evoting	Source Code
swiss-post-evoting	System Specification
swiss-post-evoting	Scenarios with Special Bounties
swiss-post-evoting	Protocol of the Swiss Post Voting System
ant-group-security-response-center-bug-bounty-program	Any Other Applications found here: https://security-en.alipay.com/home
bug-bounty-program-blablacar	https://edge.blablacar.(fr|de|co.uk|in|es|mx|be|hr|hu|it|nl|pl|com.br|pt|ro|ru|com|tr|com.ua))
outscale	Any resource created or accessed with the Outscale Cloud on eu-west-2 region -  created by the Hunter
tencent-bug-bounty-program	In-Scope Products (for the full list please visit https://en.security.tencent.com/index.php/policy)
swiss-post-evoting	Source Code
swiss-post-evoting	System Specification
swiss-post-evoting	Scenarios with Special Bounties
swiss-post-evoting	Protocol of the Swiss Post Voting System
ant-group-security-response-center-bug-bounty-program	Any Other Applications found here: https://security-en.alipay.com/home
swiss-post	(*.post.ch:80|*.post.ch:443) AND 194.41.128.0/17
bug-bounty-program-blablacar	https://edge.blablacar.(fr|de|co.uk|in|es|mx|be|hr|hu|it|nl|pl|com.br|pt|ro|ru|com|tr|com.ua))
outscale	Any resource created or accessed with the Outscale Cloud on eu-west-2 region -  created by the Hunter
withings-public-program	Body Scan scale
withings-public-program	Body Comp scale
withings-public-program	Scanwatch Light
withings-public-program	Scanwatch 2
withings-public-program	Scanwatch Nova
withings-public-program	Scanwatch
tencent-bug-bounty-program	In-Scope Products (for the full list please visit https://en.security.tencent.com/index.php/policy)
